2024-01-14 06:28:03 | INFO    | __main__:stash:131 | run - {'image': '20231121', 'version': '0.10.1.post2', 'role': 'EpicPlayer', 'headless': True}
2024-01-14 06:28:10 | INFO    | __main__:claim_epic_games:97 | Try to flush cookie - {'task': 'claim_epic_games'}
2024-01-14 06:28:13 | INFO    | epic_games.agent:_login:237 | login-with-email - {'url': 'https://www.epicgames.com/id/login?lang=en-US&noHostRedirect=true&redirectUrl=https://store.epicgames.com/en-US/free-games'}
2024-01-14 06:28:17 | DEBUG    | epic_games.agent:insert_challenge:215 | Attack challenge - {'stage': 'email_exists_prod'}
2024-01-14 06:28:17 | DEBUG    | hcaptcha_challenger.agents.playwright.control:_parse_label:241 | get task - {'prompt': 'Please click each image containing a coffee table'}
2024-01-14 06:28:18 | DEBUG    | hcaptcha_challenger.agents.playwright.control:_catch_all_binary_challenge:474 | handle task - {'unsupervised': 'binary', 'candidate_labels': ['This is a picture that looks like coffee table.', "This is a picture that don't look like coffee table."], 'prompt': 'Please click each image containing a coffee table', 'timit': '0.966s'}
2024-01-14 06:28:28 | DEBUG    | epic_games.agent:insert_challenge:218 | Parse result - {'stage': 'email_exists_prod', 'result': <Status.CHALLENGE_RETRY: 'retry'>}
2024-01-14 06:28:34 | DEBUG    | hcaptcha_challenger.agents.playwright.control:_parse_label:241 | get task - {'prompt': 'Please click on the object that is different'}
2024-01-14 06:28:39 | DEBUG    | epic_games.agent:insert_challenge:218 | Parse result - {'stage': 'email_exists_prod', 'result': <Status.CHALLENGE_RETRY: 'retry'>}
2024-01-14 06:28:43 | DEBUG    | hcaptcha_challenger.agents.playwright.control:_parse_label:241 | get task - {'prompt': 'Please click on all images of the heaviest animal species'}
2024-01-14 06:28:44 | DEBUG    | hcaptcha_challenger.agents.playwright.control:_catch_all_binary_challenge:474 | handle task - {'unsupervised': 'binary', 'candidate_labels': ['This is a picture that looks like please click on all images of the heaviest animal species.', "This is a picture that don't look like please click on all images of the heaviest animal species."], 'prompt': 'Please click on all images of the heaviest animal species', 'timit': '0.762s'}
2024-01-14 06:28:56 | DEBUG    | epic_games.agent:insert_challenge:218 | Parse result - {'stage': 'email_exists_prod', 'result': <Status.CHALLENGE_RETRY: 'retry'>}
2024-01-14 06:28:59 | DEBUG    | hcaptcha_challenger.agents.playwright.control:_parse_label:241 | get task - {'prompt': 'Please click on all images of the heaviest animal species'}
2024-01-14 06:29:00 | DEBUG    | hcaptcha_challenger.agents.playwright.control:_catch_all_binary_challenge:474 | handle task - {'unsupervised': 'binary', 'candidate_labels': ['This is a picture that looks like please click on all images of the heaviest animal species.', "This is a picture that don't look like please click on all images of the heaviest animal species."], 'prompt': 'Please click on all images of the heaviest animal species', 'timit': '0.714s'}
2024-01-14 06:29:12 | DEBUG    | epic_games.agent:insert_challenge:218 | Parse result - {'stage': 'email_exists_prod', 'result': <Status.CHALLENGE_RETRY: 'retry'>}
2024-01-14 06:29:15 | DEBUG    | hcaptcha_challenger.agents.playwright.control:_parse_label:241 | get task - {'prompt': 'Please click on each image containing a big cat'}
2024-01-14 06:29:16 | DEBUG    | hcaptcha_challenger.agents.playwright.control:_catch_all_binary_challenge:474 | handle task - {'unsupervised': 'binary', 'candidate_labels': ['This is a picture that looks like big cat.', "This is a picture that don't look like big cat."], 'prompt': 'Please click on each image containing a big cat', 'timit': '0.705s'}
2024-01-14 06:29:27 | DEBUG    | epic_games.agent:insert_challenge:218 | Parse result - {'stage': 'email_exists_prod', 'result': <Status.CHALLENGE_RETRY: 'retry'>}
2024-01-14 06:29:31 | DEBUG    | hcaptcha_challenger.agents.playwright.control:_parse_label:241 | get task - {'prompt': 'Please click on the animal wearing sunglasses'}
2024-01-14 06:29:32 | DEBUG    | hcaptcha_challenger.agents.playwright.control:_catch_all_binary_challenge:474 | handle task - {'unsupervised': 'binary', 'candidate_labels': ['This is a picture that looks like please click on the animal wearing sunglasses.', "This is a picture that don't look like please click on the animal wearing sunglasses."], 'prompt': 'Please click on the animal wearing sunglasses', 'timit': '0.684s'}
2024-01-14 06:29:43 | DEBUG    | epic_games.agent:insert_challenge:218 | Parse result - {'stage': 'email_exists_prod', 'result': <Status.CHALLENGE_RETRY: 'retry'>}
2024-01-14 06:29:50 | DEBUG    | hcaptcha_challenger.agents.playwright.control:_parse_label:241 | get task - {'prompt': 'Please click on all images of the heaviest animal species'}
2024-01-14 06:29:51 | DEBUG    | hcaptcha_challenger.agents.playwright.control:_catch_all_binary_challenge:474 | handle task - {'unsupervised': 'binary', 'candidate_labels': ['This is a picture that looks like please click on all images of the heaviest animal species.', "This is a picture that don't look like please click on all images of the heaviest animal species."], 'prompt': 'Please click on all images of the heaviest animal species', 'timit': '0.725s'}
2024-01-14 06:30:00 | DEBUG    | epic_games.agent:insert_challenge:218 | Parse result - {'stage': 'email_exists_prod', 'result': <Status.CHALLENGE_RETRY: 'retry'>}
2024-01-14 06:30:03 | DEBUG    | hcaptcha_challenger.agents.playwright.control:_parse_label:241 | get task - {'prompt': 'Please click on all images of the heaviest animal species'}
2024-01-14 06:30:03 | DEBUG    | hcaptcha_challenger.agents.playwright.control:_catch_all_binary_challenge:474 | handle task - {'unsupervised': 'binary', 'candidate_labels': ['This is a picture that looks like please click on all images of the heaviest animal species.', "This is a picture that don't look like please click on all images of the heaviest animal species."], 'prompt': 'Please click on all images of the heaviest animal species', 'timit': '0.686s'}
2024-01-14 06:30:20 | DEBUG    | epic_games.agent:insert_challenge:218 | Parse result - {'stage': 'email_exists_prod', 'result': <Status.CHALLENGE_RETRY: 'retry'>}
2024-01-14 06:30:27 | DEBUG    | hcaptcha_challenger.agents.playwright.control:_parse_label:241 | get task - {'prompt': 'Please click on the animal wearing sunglasses'}
2024-01-14 06:30:27 | DEBUG    | hcaptcha_challenger.agents.playwright.control:_catch_all_binary_challenge:474 | handle task - {'unsupervised': 'binary', 'candidate_labels': ['This is a picture that looks like please click on the animal wearing sunglasses.', "This is a picture that don't look like please click on the animal wearing sunglasses."], 'prompt': 'Please click on the animal wearing sunglasses', 'timit': '0.681s'}
2024-01-14 06:30:38 | DEBUG    | epic_games.agent:insert_challenge:218 | Parse result - {'stage': 'email_exists_prod', 'result': <Status.CHALLENGE_RETRY: 'retry'>}
2024-01-14 06:30:47 | DEBUG    | hcaptcha_challenger.agents.playwright.control:_parse_label:241 | get task - {'prompt': 'Please click on the animal wearing sunglasses'}
2024-01-14 06:30:48 | DEBUG    | hcaptcha_challenger.agents.playwright.control:_catch_all_binary_challenge:474 | handle task - {'unsupervised': 'binary', 'candidate_labels': ['This is a picture that looks like please click on the animal wearing sunglasses.', "This is a picture that don't look like please click on the animal wearing sunglasses."], 'prompt': 'Please click on the animal wearing sunglasses', 'timit': '0.671s'}
2024-01-14 06:30:57 | DEBUG    | epic_games.agent:insert_challenge:218 | Parse result - {'stage': 'email_exists_prod', 'result': <Status.CHALLENGE_RETRY: 'retry'>}
2024-01-14 06:31:10 | DEBUG    | hcaptcha_challenger.agents.playwright.control:_parse_label:241 | get task - {'prompt': 'Please click on all images of the heaviest animal species'}
2024-01-14 06:31:11 | DEBUG    | hcaptcha_challenger.agents.playwright.control:_catch_all_binary_challenge:474 | handle task - {'unsupervised': 'binary', 'candidate_labels': ['This is a picture that looks like please click on all images of the heaviest animal species.', "This is a picture that don't look like please click on all images of the heaviest animal species."], 'prompt': 'Please click on all images of the heaviest animal species', 'timit': '0.672s'}
2024-01-14 06:31:28 | DEBUG    | epic_games.agent:insert_challenge:218 | Parse result - {'stage': 'email_exists_prod', 'result': <Status.CHALLENGE_RETRY: 'retry'>}
2024-01-14 06:31:31 | DEBUG    | hcaptcha_challenger.agents.playwright.control:_parse_label:241 | get task - {'prompt': 'Please click on all images of the heaviest animal species'}
2024-01-14 06:31:32 | DEBUG    | hcaptcha_challenger.agents.playwright.control:_catch_all_binary_challenge:474 | handle task - {'unsupervised': 'binary', 'candidate_labels': ['This is a picture that looks like please click on all images of the heaviest animal species.', "This is a picture that don't look like please click on all images of the heaviest animal species."], 'prompt': 'Please click on all images of the heaviest animal species', 'timit': '0.692s'}
2024-01-14 06:31:41 | DEBUG    | epic_games.agent:insert_challenge:218 | Parse result - {'stage': 'email_exists_prod', 'result': <Status.CHALLENGE_RETRY: 'retry'>}
2024-01-14 06:31:45 | DEBUG    | hcaptcha_challenger.agents.playwright.control:_parse_label:241 | get task - {'prompt': 'Please click on each image containing a big cat'}
2024-01-14 06:31:46 | DEBUG    | hcaptcha_challenger.agents.playwright.control:_catch_all_binary_challenge:474 | handle task - {'unsupervised': 'binary', 'candidate_labels': ['This is a picture that looks like big cat.', "This is a picture that don't look like big cat."], 'prompt': 'Please click on each image containing a big cat', 'timit': '0.710s'}
2024-01-14 06:31:57 | DEBUG    | epic_games.agent:insert_challenge:218 | Parse result - {'stage': 'email_exists_prod', 'result': <Status.CHALLENGE_RETRY: 'retry'>}
2024-01-14 06:32:01 | DEBUG    | hcaptcha_challenger.agents.playwright.control:_parse_label:241 | get task - {'prompt': 'Please click on the animal wearing sunglasses'}
2024-01-14 06:32:02 | DEBUG    | hcaptcha_challenger.agents.playwright.control:_catch_all_binary_challenge:474 | handle task - {'unsupervised': 'binary', 'candidate_labels': ['This is a picture that looks like please click on the animal wearing sunglasses.', "This is a picture that don't look like please click on the animal wearing sunglasses."], 'prompt': 'Please click on the animal wearing sunglasses', 'timit': '0.696s'}
2024-01-14 06:32:12 | DEBUG    | epic_games.agent:insert_challenge:218 | Parse result - {'stage': 'email_exists_prod', 'result': <Status.CHALLENGE_RETRY: 'retry'>}
2024-01-14 06:32:15 | DEBUG    | hcaptcha_challenger.agents.playwright.control:_parse_label:241 | get task - {'prompt': 'Please click on the animal wearing sunglasses'}
2024-01-14 06:32:16 | DEBUG    | hcaptcha_challenger.agents.playwright.control:_catch_all_binary_challenge:474 | handle task - {'unsupervised': 'binary', 'candidate_labels': ['This is a picture that looks like please click on the animal wearing sunglasses.', "This is a picture that don't look like please click on the animal wearing sunglasses."], 'prompt': 'Please click on the animal wearing sunglasses', 'timit': '0.739s'}
2024-01-14 06:32:27 | DEBUG    | epic_games.agent:insert_challenge:218 | Parse result - {'stage': 'email_exists_prod', 'result': <Status.CHALLENGE_RETRY: 'retry'>}
2024-01-14 06:32:57 | WARNING    | epic_games.agent:authorize:266 | 执行超时 - {'task': 'authorize', 'retry': 0}
2024-01-14 06:32:59 | INFO    | epic_games.agent:_login:237 | login-with-email - {'url': 'https://www.epicgames.com/id/login?lang=en-US&noHostRedirect=true&redirectUrl=https://store.epicgames.com/en-US/free-games'}
2024-01-14 06:33:03 | DEBUG    | epic_games.agent:insert_challenge:215 | Attack challenge - {'stage': 'email_exists_prod'}
2024-01-14 06:33:03 | DEBUG    | hcaptcha_challenger.agents.playwright.control:_parse_label:241 | get task - {'prompt': 'Please click on all images of the heaviest animal species'}
2024-01-14 06:33:04 | DEBUG    | hcaptcha_challenger.agents.playwright.control:_catch_all_binary_challenge:474 | handle task - {'unsupervised': 'binary', 'candidate_labels': ['This is a picture that looks like please click on all images of the heaviest animal species.', "This is a picture that don't look like please click on all images of the heaviest animal species."], 'prompt': 'Please click on all images of the heaviest animal species', 'timit': '0.735s'}
2024-01-14 06:33:17 | DEBUG    | epic_games.agent:insert_challenge:218 | Parse result - {'stage': 'email_exists_prod', 'result': <Status.CHALLENGE_RETRY: 'retry'>}
2024-01-14 06:33:22 | DEBUG    | hcaptcha_challenger.agents.playwright.control:_parse_label:241 | get task - {'prompt': 'Please click on each image containing a big cat'}
2024-01-14 06:33:23 | DEBUG    | hcaptcha_challenger.agents.playwright.control:_catch_all_binary_challenge:474 | handle task - {'unsupervised': 'binary', 'candidate_labels': ['This is a picture that looks like big cat.', "This is a picture that don't look like big cat."], 'prompt': 'Please click on each image containing a big cat', 'timit': '0.752s'}
2024-01-14 06:33:35 | DEBUG    | epic_games.agent:insert_challenge:218 | Parse result - {'stage': 'email_exists_prod', 'result': <Status.CHALLENGE_RETRY: 'retry'>}
2024-01-14 06:33:40 | DEBUG    | hcaptcha_challenger.agents.playwright.control:_parse_label:241 | get task - {'prompt': 'Please click on all images of the heaviest animal species'}
2024-01-14 06:33:41 | DEBUG    | hcaptcha_challenger.agents.playwright.control:_catch_all_binary_challenge:474 | handle task - {'unsupervised': 'binary', 'candidate_labels': ['This is a picture that looks like please click on all images of the heaviest animal species.', "This is a picture that don't look like please click on all images of the heaviest animal species."], 'prompt': 'Please click on all images of the heaviest animal species', 'timit': '0.703s'}
2024-01-14 06:33:51 | DEBUG    | epic_games.agent:insert_challenge:218 | Parse result - {'stage': 'email_exists_prod', 'result': <Status.CHALLENGE_RETRY: 'retry'>}
2024-01-14 06:33:54 | DEBUG    | hcaptcha_challenger.agents.playwright.control:_parse_label:241 | get task - {'prompt': 'Please click on all images of the heaviest animal species'}
2024-01-14 06:33:55 | DEBUG    | hcaptcha_challenger.agents.playwright.control:_catch_all_binary_challenge:474 | handle task - {'unsupervised': 'binary', 'candidate_labels': ['This is a picture that looks like please click on all images of the heaviest animal species.', "This is a picture that don't look like please click on all images of the heaviest animal species."], 'prompt': 'Please click on all images of the heaviest animal species', 'timit': '0.741s'}
2024-01-14 06:34:08 | DEBUG    | epic_games.agent:insert_challenge:218 | Parse result - {'stage': 'email_exists_prod', 'result': <Status.CHALLENGE_RETRY: 'retry'>}
2024-01-14 06:34:11 | DEBUG    | hcaptcha_challenger.agents.playwright.control:_parse_label:241 | get task - {'prompt': 'Please click on the animal wearing sunglasses'}
2024-01-14 06:34:12 | DEBUG    | hcaptcha_challenger.agents.playwright.control:_catch_all_binary_challenge:474 | handle task - {'unsupervised': 'binary', 'candidate_labels': ['This is a picture that looks like please click on the animal wearing sunglasses.', "This is a picture that don't look like please click on the animal wearing sunglasses."], 'prompt': 'Please click on the animal wearing sunglasses', 'timit': '0.654s'}
2024-01-14 06:34:24 | DEBUG    | epic_games.agent:insert_challenge:218 | Parse result - {'stage': 'email_exists_prod', 'result': <Status.CHALLENGE_RETRY: 'retry'>}
2024-01-14 06:34:27 | DEBUG    | hcaptcha_challenger.agents.playwright.control:_parse_label:241 | get task - {'prompt': 'Please click on the animal wearing sunglasses'}
2024-01-14 06:34:28 | DEBUG    | hcaptcha_challenger.agents.playwright.control:_catch_all_binary_challenge:474 | handle task - {'unsupervised': 'binary', 'candidate_labels': ['This is a picture that looks like please click on the animal wearing sunglasses.', "This is a picture that don't look like please click on the animal wearing sunglasses."], 'prompt': 'Please click on the animal wearing sunglasses', 'timit': '0.705s'}
2024-01-14 06:34:39 | DEBUG    | epic_games.agent:insert_challenge:218 | Parse result - {'stage': 'email_exists_prod', 'result': <Status.CHALLENGE_RETRY: 'retry'>}
2024-01-14 06:34:45 | DEBUG    | hcaptcha_challenger.agents.playwright.control:_parse_label:241 | get task - {'prompt': 'Please click on the animal wearing sunglasses'}
2024-01-14 06:34:46 | DEBUG    | hcaptcha_challenger.agents.playwright.control:_catch_all_binary_challenge:474 | handle task - {'unsupervised': 'binary', 'candidate_labels': ['This is a picture that looks like please click on the animal wearing sunglasses.', "This is a picture that don't look like please click on the animal wearing sunglasses."], 'prompt': 'Please click on the animal wearing sunglasses', 'timit': '0.715s'}
2024-01-14 06:34:57 | DEBUG    | epic_games.agent:insert_challenge:218 | Parse result - {'stage': 'email_exists_prod', 'result': <Status.CHALLENGE_RETRY: 'retry'>}
2024-01-14 06:35:01 | DEBUG    | hcaptcha_challenger.agents.playwright.control:_parse_label:241 | get task - {'prompt': 'Please click on the animal wearing sunglasses'}
2024-01-14 06:35:02 | DEBUG    | hcaptcha_challenger.agents.playwright.control:_catch_all_binary_challenge:474 | handle task - {'unsupervised': 'binary', 'candidate_labels': ['This is a picture that looks like please click on the animal wearing sunglasses.', "This is a picture that don't look like please click on the animal wearing sunglasses."], 'prompt': 'Please click on the animal wearing sunglasses', 'timit': '0.747s'}
2024-01-14 06:35:12 | DEBUG    | epic_games.agent:insert_challenge:218 | Parse result - {'stage': 'email_exists_prod', 'result': <Status.CHALLENGE_RETRY: 'retry'>}
2024-01-14 06:35:17 | DEBUG    | hcaptcha_challenger.agents.playwright.control:_parse_label:241 | get task - {'prompt': 'Please click on each image containing a big cat'}
2024-01-14 06:35:17 | DEBUG    | hcaptcha_challenger.agents.playwright.control:_catch_all_binary_challenge:474 | handle task - {'unsupervised': 'binary', 'candidate_labels': ['This is a picture that looks like big cat.', "This is a picture that don't look like big cat."], 'prompt': 'Please click on each image containing a big cat', 'timit': '0.694s'}
2024-01-14 06:35:28 | DEBUG    | epic_games.agent:insert_challenge:218 | Parse result - {'stage': 'email_exists_prod', 'result': <Status.CHALLENGE_RETRY: 'retry'>}
2024-01-14 06:35:32 | DEBUG    | hcaptcha_challenger.agents.playwright.control:_parse_label:241 | get task - {'prompt': 'Please click on all images of the heaviest animal species'}
2024-01-14 06:35:33 | DEBUG    | hcaptcha_challenger.agents.playwright.control:_catch_all_binary_challenge:474 | handle task - {'unsupervised': 'binary', 'candidate_labels': ['This is a picture that looks like please click on all images of the heaviest animal species.', "This is a picture that don't look like please click on all images of the heaviest animal species."], 'prompt': 'Please click on all images of the heaviest animal species', 'timit': '0.712s'}
2024-01-14 06:35:44 | DEBUG    | epic_games.agent:insert_challenge:218 | Parse result - {'stage': 'email_exists_prod', 'result': <Status.CHALLENGE_RETRY: 'retry'>}
2024-01-14 06:35:47 | DEBUG    | hcaptcha_challenger.agents.playwright.control:_parse_label:241 | get task - {'prompt': 'Please click on all images of the heaviest animal species'}
2024-01-14 06:35:48 | DEBUG    | hcaptcha_challenger.agents.playwright.control:_catch_all_binary_challenge:474 | handle task - {'unsupervised': 'binary', 'candidate_labels': ['This is a picture that looks like please click on all images of the heaviest animal species.', "This is a picture that don't look like please click on all images of the heaviest animal species."], 'prompt': 'Please click on all images of the heaviest animal species', 'timit': '0.702s'}
2024-01-14 06:35:59 | DEBUG    | epic_games.agent:insert_challenge:218 | Parse result - {'stage': 'email_exists_prod', 'result': <Status.CHALLENGE_RETRY: 'retry'>}
2024-01-14 06:36:10 | DEBUG    | hcaptcha_challenger.agents.playwright.control:_parse_label:241 | get task - {'prompt': 'Please click on each image containing a big cat'}
2024-01-14 06:36:11 | DEBUG    | hcaptcha_challenger.agents.playwright.control:_catch_all_binary_challenge:474 | handle task - {'unsupervised': 'binary', 'candidate_labels': ['This is a picture that looks like big cat.', "This is a picture that don't look like big cat."], 'prompt': 'Please click on each image containing a big cat', 'timit': '0.726s'}
2024-01-14 06:36:21 | DEBUG    | epic_games.agent:insert_challenge:218 | Parse result - {'stage': 'email_exists_prod', 'result': <Status.CHALLENGE_RETRY: 'retry'>}
2024-01-14 06:36:25 | DEBUG    | hcaptcha_challenger.agents.playwright.control:_parse_label:241 | get task - {'prompt': 'Please select something fragile'}
2024-01-14 06:36:26 | DEBUG    | hcaptcha_challenger.agents.playwright.control:_catch_all_binary_challenge:474 | handle task - {'unsupervised': 'binary', 'candidate_labels': ['This is a picture that looks like please select something fragile.', "This is a picture that don't look like please select something fragile."], 'prompt': 'Please select something fragile', 'timit': '0.704s'}
2024-01-14 06:36:36 | DEBUG    | epic_games.agent:insert_challenge:218 | Parse result - {'stage': 'email_exists_prod', 'result': <Status.CHALLENGE_RETRY: 'retry'>}
2024-01-14 06:36:39 | DEBUG    | hcaptcha_challenger.agents.playwright.control:_parse_label:241 | get task - {'prompt': 'Please click on all images of the heaviest animal species'}
2024-01-14 06:36:40 | DEBUG    | hcaptcha_challenger.agents.playwright.control:_catch_all_binary_challenge:474 | handle task - {'unsupervised': 'binary', 'candidate_labels': ['This is a picture that looks like please click on all images of the heaviest animal species.', "This is a picture that don't look like please click on all images of the heaviest animal species."], 'prompt': 'Please click on all images of the heaviest animal species', 'timit': '0.721s'}
2024-01-14 06:36:54 | DEBUG    | epic_games.agent:insert_challenge:218 | Parse result - {'stage': 'email_exists_prod', 'result': <Status.CHALLENGE_RETRY: 'retry'>}
2024-01-14 06:37:01 | DEBUG    | hcaptcha_challenger.agents.playwright.control:_parse_label:241 | get task - {'prompt': 'Please click on the animal wearing sunglasses'}
2024-01-14 06:37:01 | DEBUG    | hcaptcha_challenger.agents.playwright.control:_catch_all_binary_challenge:474 | handle task - {'unsupervised': 'binary', 'candidate_labels': ['This is a picture that looks like please click on the animal wearing sunglasses.', "This is a picture that don't look like please click on the animal wearing sunglasses."], 'prompt': 'Please click on the animal wearing sunglasses', 'timit': '0.713s'}
2024-01-14 06:37:13 | DEBUG    | epic_games.agent:insert_challenge:218 | Parse result - {'stage': 'email_exists_prod', 'result': <Status.CHALLENGE_RETRY: 'retry'>}
2024-01-14 06:37:43 | WARNING    | epic_games.agent:authorize:266 | 执行超时 - {'task': 'authorize', 'retry': 1}
2024-01-14 06:37:45 | INFO    | epic_games.agent:_login:237 | login-with-email - {'url': 'https://www.epicgames.com/id/login?lang=en-US&noHostRedirect=true&redirectUrl=https://store.epicgames.com/en-US/free-games'}
2024-01-14 06:37:49 | DEBUG    | epic_games.agent:insert_challenge:215 | Attack challenge - {'stage': 'email_exists_prod'}
2024-01-14 06:37:49 | DEBUG    | hcaptcha_challenger.agents.playwright.control:_parse_label:241 | get task - {'prompt': 'Please click on all animals that cannot fly'}
2024-01-14 06:37:50 | DEBUG    | hcaptcha_challenger.agents.playwright.control:_catch_all_binary_challenge:474 | handle task - {'unsupervised': 'binary', 'candidate_labels': ['This is a picture that looks like please click on all animals that cannot fly.', "This is a picture that don't look like please click on all animals that cannot fly."], 'prompt': 'Please click on all animals that cannot fly', 'timit': '0.743s'}
2024-01-14 06:38:02 | DEBUG    | epic_games.agent:insert_challenge:218 | Parse result - {'stage': 'email_exists_prod', 'result': <Status.CHALLENGE_RETRY: 'retry'>}
2024-01-14 06:38:05 | DEBUG    | hcaptcha_challenger.agents.playwright.control:_parse_label:241 | get task - {'prompt': 'Please click on the animal wearing sunglasses'}
2024-01-14 06:38:06 | DEBUG    | hcaptcha_challenger.agents.playwright.control:_catch_all_binary_challenge:474 | handle task - {'unsupervised': 'binary', 'candidate_labels': ['This is a picture that looks like please click on the animal wearing sunglasses.', "This is a picture that don't look like please click on the animal wearing sunglasses."], 'prompt': 'Please click on the animal wearing sunglasses', 'timit': '0.716s'}
